Info: Starting: Create block symbol file (.bsf)
Info: qsys-generate D:\ece_385\Lab9\lab9_soc.qsys --block-symbol-file --output-directory=D:\ece_385\Lab9\lab9_soc --family="Cyclone IV E" --part=EP4CE115F29C7
Progress: Loading Lab9/lab9_soc.qsys
Progress: Reading input file
Progress: Adding aes [altera_avalon_pio 15.0]
Progress: Parameterizing module aes
Progress: Adding clk_0 [clock_source 15.0]
Progress: Parameterizing module clk_0
Progress: Adding jtag_uart_0 [altera_avalon_jtag_uart 15.0]
Progress: Parameterizing module jtag_uart_0
Progress: Adding nios2_qsys_0 [altera_nios2_gen2 15.0]
Progress: Parameterizing module nios2_qsys_0
Progress: Adding onchip_memory2_0 [altera_avalon_onchip_memory2 15.0]
Progress: Parameterizing module onchip_memory2_0
Progress: Adding sdram [altera_avalon_new_sdram_controller 15.0]
Progress: Parameterizing module sdram
Progress: Adding sdram_pll [altpll 15.0]
Progress: Parameterizing module sdram_pll
Progress: Adding sysid_qsys_0 [altera_avalon_sysid_qsys 15.0]
Progress: Parameterizing module sysid_qsys_0
Progress: Building connections
Progress: Parameterizing connections
Progress: Validating
Progress: Done reading input file
Info: lab9_soc.sysid_qsys_0: System ID is not assigned automatically. Edit the System ID parameter to provide a unique ID
Info: lab9_soc.sysid_qsys_0: Time stamp will be automatically updated when this component is generated.
Warning: lab9_soc.sdram_pll: sdram_pll.areset_conduit must be exported, or connected to a matching conduit.
Warning: lab9_soc.sdram_pll: sdram_pll.locked_conduit must be exported, or connected to a matching conduit.
Warning: lab9_soc.sdram_pll: sdram_pll.phasedone_conduit must be exported, or connected to a matching conduit.
Info: ip-generate succeeded.
Info: Finished: Create block symbol file (.bsf)
Info: 
Info: Starting: Create HDL design files for synthesis
Info: qsys-generate D:\ece_385\Lab9\lab9_soc.qsys --synthesis=VERILOG --output-directory=D:\ece_385\Lab9\lab9_soc\synthesis --family="Cyclone IV E" --part=EP4CE115F29C7
Progress: Loading Lab9/lab9_soc.qsys
Progress: Reading input file
Progress: Adding aes [altera_avalon_pio 15.0]
Progress: Parameterizing module aes
Progress: Adding clk_0 [clock_source 15.0]
Progress: Parameterizing module clk_0
Progress: Adding jtag_uart_0 [altera_avalon_jtag_uart 15.0]
Progress: Parameterizing module jtag_uart_0
Progress: Adding nios2_qsys_0 [altera_nios2_gen2 15.0]
Progress: Parameterizing module nios2_qsys_0
Progress: Adding onchip_memory2_0 [altera_avalon_onchip_memory2 15.0]
Progress: Parameterizing module onchip_memory2_0
Progress: Adding sdram [altera_avalon_new_sdram_controller 15.0]
Progress: Parameterizing module sdram
Progress: Adding sdram_pll [altpll 15.0]
Progress: Parameterizing module sdram_pll
Progress: Adding sysid_qsys_0 [altera_avalon_sysid_qsys 15.0]
Progress: Parameterizing module sysid_qsys_0
Progress: Building connections
Progress: Parameterizing connections
Progress: Validating
Progress: Done reading input file
Info: lab9_soc.sysid_qsys_0: System ID is not assigned automatically. Edit the System ID parameter to provide a unique ID
Info: lab9_soc.sysid_qsys_0: Time stamp will be automatically updated when this component is generated.
Warning: lab9_soc.sdram_pll: sdram_pll.areset_conduit must be exported, or connected to a matching conduit.
Warning: lab9_soc.sdram_pll: sdram_pll.locked_conduit must be exported, or connected to a matching conduit.
Warning: lab9_soc.sdram_pll: sdram_pll.phasedone_conduit must be exported, or connected to a matching conduit.
Info: lab9_soc: Generating lab9_soc "lab9_soc" for QUARTUS_SYNTH
Info: Inserting clock-crossing logic between cmd_demux.src5 and cmd_mux_005.sink0
Info: Inserting clock-crossing logic between cmd_demux_001.src4 and cmd_mux_005.sink1
Info: Inserting clock-crossing logic between rsp_demux_005.src0 and rsp_mux.sink5
Info: Inserting clock-crossing logic between rsp_demux_005.src1 and rsp_mux_001.sink4
Info: aes: Starting RTL generation for module 'lab9_soc_aes'
Info: aes:   Generation command is [exec C:/altera/15.0/quartus/bin64/perl/bin/perl.exe -I C:/altera/15.0/quartus/bin64/perl/lib -I C:/altera/15.0/quartus/sopc_builder/bin/europa -I C:/altera/15.0/quartus/sopc_builder/bin/perl_lib -I C:/altera/15.0/quartus/sopc_builder/bin -I C:/altera/15.0/quartus/../ip/altera/sopc_builder_ip/common -I C:/altera/15.0/quartus/../ip/altera/sopc_builder_ip/altera_avalon_pio -- C:/altera/15.0/quartus/../ip/altera/sopc_builder_ip/altera_avalon_pio/generate_rtl.pl --name=lab9_soc_aes --dir=C:/Users/Nick/AppData/Local/Temp/alt7617_5369183683995791576.dir/0001_aes_gen/ --quartus_dir=C:/altera/15.0/quartus --verilog --config=C:/Users/Nick/AppData/Local/Temp/alt7617_5369183683995791576.dir/0001_aes_gen//lab9_soc_aes_component_configuration.pl  --do_build_sim=0  ]
Info: aes: Done RTL generation for module 'lab9_soc_aes'
Info: aes: "lab9_soc" instantiated altera_avalon_pio "aes"
Info: jtag_uart_0: Starting RTL generation for module 'lab9_soc_jtag_uart_0'
Info: jtag_uart_0:   Generation command is [exec C:/altera/15.0/quartus/bin64/perl/bin/perl.exe -I C:/altera/15.0/quartus/bin64/perl/lib -I C:/altera/15.0/quartus/sopc_builder/bin/europa -I C:/altera/15.0/quartus/sopc_builder/bin/perl_lib -I C:/altera/15.0/quartus/sopc_builder/bin -I C:/altera/15.0/quartus/../ip/altera/sopc_builder_ip/common -I C:/altera/15.0/quartus/../ip/altera/sopc_builder_ip/altera_avalon_jtag_uart -- C:/altera/15.0/quartus/../ip/altera/sopc_builder_ip/altera_avalon_jtag_uart/generate_rtl.pl --name=lab9_soc_jtag_uart_0 --dir=C:/Users/Nick/AppData/Local/Temp/alt7617_5369183683995791576.dir/0002_jtag_uart_0_gen/ --quartus_dir=C:/altera/15.0/quartus --verilog --config=C:/Users/Nick/AppData/Local/Temp/alt7617_5369183683995791576.dir/0002_jtag_uart_0_gen//lab9_soc_jtag_uart_0_component_configuration.pl  --do_build_sim=0  ]
Info: jtag_uart_0: Done RTL generation for module 'lab9_soc_jtag_uart_0'
Info: jtag_uart_0: "lab9_soc" instantiated altera_avalon_jtag_uart "jtag_uart_0"
Info: nios2_qsys_0: "lab9_soc" instantiated altera_nios2_gen2 "nios2_qsys_0"
Info: onchip_memory2_0: Starting RTL generation for module 'lab9_soc_onchip_memory2_0'
Info: onchip_memory2_0:   Generation command is [exec C:/altera/15.0/quartus/bin64/perl/bin/perl.exe -I C:/altera/15.0/quartus/bin64/perl/lib -I C:/altera/15.0/quartus/sopc_builder/bin/europa -I C:/altera/15.0/quartus/sopc_builder/bin/perl_lib -I C:/altera/15.0/quartus/sopc_builder/bin -I C:/altera/15.0/quartus/../ip/altera/sopc_builder_ip/common -I C:/altera/15.0/quartus/../ip/altera/sopc_builder_ip/altera_avalon_onchip_memory2 -- C:/altera/15.0/quartus/../ip/altera/sopc_builder_ip/altera_avalon_onchip_memory2/generate_rtl.pl --name=lab9_soc_onchip_memory2_0 --dir=C:/Users/Nick/AppData/Local/Temp/alt7617_5369183683995791576.dir/0003_onchip_memory2_0_gen/ --quartus_dir=C:/altera/15.0/quartus --verilog --config=C:/Users/Nick/AppData/Local/Temp/alt7617_5369183683995791576.dir/0003_onchip_memory2_0_gen//lab9_soc_onchip_memory2_0_component_configuration.pl  --do_build_sim=0  ]
Info: onchip_memory2_0: Done RTL generation for module 'lab9_soc_onchip_memory2_0'
Info: onchip_memory2_0: "lab9_soc" instantiated altera_avalon_onchip_memory2 "onchip_memory2_0"
Info: sdram: Starting RTL generation for module 'lab9_soc_sdram'
Info: sdram:   Generation command is [exec C:/altera/15.0/quartus/bin64/perl/bin/perl.exe -I C:/altera/15.0/quartus/bin64/perl/lib -I C:/altera/15.0/quartus/sopc_builder/bin/europa -I C:/altera/15.0/quartus/sopc_builder/bin/perl_lib -I C:/altera/15.0/quartus/sopc_builder/bin -I C:/altera/15.0/quartus/../ip/altera/sopc_builder_ip/common -I C:/altera/15.0/quartus/../ip/altera/sopc_builder_ip/altera_avalon_new_sdram_controller -- C:/altera/15.0/quartus/../ip/altera/sopc_builder_ip/altera_avalon_new_sdram_controller/generate_rtl.pl --name=lab9_soc_sdram --dir=C:/Users/Nick/AppData/Local/Temp/alt7617_5369183683995791576.dir/0004_sdram_gen/ --quartus_dir=C:/altera/15.0/quartus --verilog --config=C:/Users/Nick/AppData/Local/Temp/alt7617_5369183683995791576.dir/0004_sdram_gen//lab9_soc_sdram_component_configuration.pl  --do_build_sim=0  ]
Info: sdram: Done RTL generation for module 'lab9_soc_sdram'
Info: sdram: "lab9_soc" instantiated altera_avalon_new_sdram_controller "sdram"
Info: sdram_pll: "lab9_soc" instantiated altpll "sdram_pll"
Info: sysid_qsys_0: "lab9_soc" instantiated altera_avalon_sysid_qsys "sysid_qsys_0"
Info: avalon_st_adapter: Inserting error_adapter: error_adapter_0
Info: avalon_st_adapter_001: Inserting error_adapter: error_adapter_0
Info: avalon_st_adapter_002: Inserting error_adapter: error_adapter_0
Info: avalon_st_adapter_003: Inserting error_adapter: error_adapter_0
Info: avalon_st_adapter_004: Inserting error_adapter: error_adapter_0
Info: avalon_st_adapter_005: Inserting error_adapter: error_adapter_0
Info: avalon_st_adapter_006: Inserting error_adapter: error_adapter_0
Info: mm_interconnect_0: "lab9_soc" instantiated altera_mm_interconnect "mm_interconnect_0"
Info: irq_mapper: "lab9_soc" instantiated altera_irq_mapper "irq_mapper"
Info: rst_controller: "lab9_soc" instantiated altera_reset_controller "rst_controller"
Info: cpu: Starting RTL generation for module 'lab9_soc_nios2_qsys_0_cpu'
Info: cpu:   Generation command is [exec C:/altera/15.0/quartus/bin64/eperlcmd.exe -I C:/altera/15.0/quartus/bin64/perl/lib -I C:/altera/15.0/quartus/sopc_builder/bin/europa -I C:/altera/15.0/quartus/sopc_builder/bin/perl_lib -I C:/altera/15.0/quartus/sopc_builder/bin -I C:/altera/15.0/quartus/../ip/altera/nios2_ip/altera_nios2_gen2/cpu_lib -I C:/altera/15.0/quartus/../ip/altera/nios2_ip/altera_nios2_gen2/nios_lib -I C:/altera/15.0/quartus/../ip/altera/nios2_ip/altera_nios2_gen2 -I C:/altera/15.0/quartus/../ip/altera/nios2_ip/altera_nios2_gen2 -- C:/altera/15.0/quartus/../ip/altera/nios2_ip/altera_nios2_gen2/generate_rtl.epl --name=lab9_soc_nios2_qsys_0_cpu --dir=C:/Users/Nick/AppData/Local/Temp/alt7617_5369183683995791576.dir/0010_cpu_gen/ --quartus_bindir=C:/altera/15.0/quartus/bin64 --verilog --config=C:/Users/Nick/AppData/Local/Temp/alt7617_5369183683995791576.dir/0010_cpu_gen//lab9_soc_nios2_qsys_0_cpu_processor_configuration.pl  --do_build_sim=0  ]
Info: cpu: # 2018.03.27 10:28:17 (*) Starting Nios II generation
Info: cpu: # 2018.03.27 10:28:17 (*)   Checking for plaintext license.
Info: cpu: # 2018.03.27 10:28:18 (*)   Couldn't query license setup in Quartus directory C:/altera/15.0/quartus/bin64
Info: cpu: # 2018.03.27 10:28:18 (*)   Defaulting to contents of LM_LICENSE_FILE environment variable
Info: cpu: # 2018.03.27 10:28:18 (*)   LM_LICENSE_FILE environment variable is empty
Info: cpu: # 2018.03.27 10:28:18 (*)   Plaintext license not found.
Info: cpu: # 2018.03.27 10:28:18 (*)   No license required to generate encrypted Nios II/e.
Info: cpu: # 2018.03.27 10:28:18 (*)   Elaborating CPU configuration settings
Info: cpu: # 2018.03.27 10:28:18 (*)   Creating all objects for CPU
Info: cpu: # 2018.03.27 10:28:19 (*)   Generating RTL from CPU objects
Info: cpu: # 2018.03.27 10:28:19 (*)   Creating plain-text RTL
Info: cpu: # 2018.03.27 10:28:20 (*) Done Nios II generation
Info: cpu: Done RTL generation for module 'lab9_soc_nios2_qsys_0_cpu'
Info: cpu: "nios2_qsys_0" instantiated altera_nios2_gen2_unit "cpu"
Info: nios2_qsys_0_data_master_translator: "mm_interconnect_0" instantiated altera_merlin_master_translator "nios2_qsys_0_data_master_translator"
Info: jtag_uart_0_avalon_jtag_slave_translator: "mm_interconnect_0" instantiated altera_merlin_slave_translator "jtag_uart_0_avalon_jtag_slave_translator"
Info: nios2_qsys_0_data_master_agent: "mm_interconnect_0" instantiated altera_merlin_master_agent "nios2_qsys_0_data_master_agent"
Info: jtag_uart_0_avalon_jtag_slave_agent: "mm_interconnect_0" instantiated altera_merlin_slave_agent "jtag_uart_0_avalon_jtag_slave_agent"
Info: jtag_uart_0_avalon_jtag_slave_agent_rsp_fifo: "mm_interconnect_0" instantiated altera_avalon_sc_fifo "jtag_uart_0_avalon_jtag_slave_agent_rsp_fifo"
Info: router: "mm_interconnect_0" instantiated altera_merlin_router "router"
Info: router_001: "mm_interconnect_0" instantiated altera_merlin_router "router_001"
Info: router_002: "mm_interconnect_0" instantiated altera_merlin_router "router_002"
Info: router_003: "mm_interconnect_0" instantiated altera_merlin_router "router_003"
Info: cmd_demux: "mm_interconnect_0" instantiated altera_merlin_demultiplexer "cmd_demux"
Info: cmd_demux_001: "mm_interconnect_0" instantiated altera_merlin_demultiplexer "cmd_demux_001"
Info: cmd_mux: "mm_interconnect_0" instantiated altera_merlin_multiplexer "cmd_mux"
Info: cmd_mux_001: "mm_interconnect_0" instantiated altera_merlin_multiplexer "cmd_mux_001"
Info: Reusing file D:/ece_385/Lab9/lab9_soc/synthesis/submodules/altera_merlin_arbitrator.sv
Info: rsp_demux: "mm_interconnect_0" instantiated altera_merlin_demultiplexer "rsp_demux"
Info: rsp_demux_001: "mm_interconnect_0" instantiated altera_merlin_demultiplexer "rsp_demux_001"
Info: rsp_mux: "mm_interconnect_0" instantiated altera_merlin_multiplexer "rsp_mux"
Info: Reusing file D:/ece_385/Lab9/lab9_soc/synthesis/submodules/altera_merlin_arbitrator.sv
Info: rsp_mux_001: "mm_interconnect_0" instantiated altera_merlin_multiplexer "rsp_mux_001"
Info: Reusing file D:/ece_385/Lab9/lab9_soc/synthesis/submodules/altera_merlin_arbitrator.sv
Info: crosser: "mm_interconnect_0" instantiated altera_avalon_st_handshake_clock_crosser "crosser"
Info: avalon_st_adapter: "mm_interconnect_0" instantiated altera_avalon_st_adapter "avalon_st_adapter"
Info: error_adapter_0: "avalon_st_adapter" instantiated error_adapter "error_adapter_0"
Info: lab9_soc: Done "lab9_soc" with 32 modules, 47 files
Info: ip-generate succeeded.
Info: Finished: Create HDL design files for synthesis
