Info: Starting: Create block symbol file (.bsf)
Info: qsys-generate "D:\ECE 385\Lab9_Avalon_Provided_2.0\lab9_soc.qsys" --block-symbol-file --output-directory="D:\ECE 385\Lab9_Avalon_Provided_2.0\lab9_soc" --family="Cyclone IV E" --part=EP4CE115F29C7
Progress: Loading Lab9_Avalon_Provided_2.0/lab9_soc.qsys
Progress: Reading input file
Progress: Adding aes_export [altera_avalon_pio 15.0]
Progress: Parameterizing module aes_export
Progress: Adding clk_0 [clock_source 15.0]
Progress: Parameterizing module clk_0
Progress: Adding nios2_qsys_0 [altera_nios2_gen2 15.0]
Progress: Parameterizing module nios2_qsys_0
Progress: Adding onchip_memory2_0 [altera_avalon_onchip_memory2 15.0]
Progress: Parameterizing module onchip_memory2_0
Progress: Adding sdram [altera_avalon_new_sdram_controller 15.0]
Progress: Parameterizing module sdram
Progress: Adding sdram_pll [altpll 15.0]
Progress: Parameterizing module sdram_pll
Progress: Adding sysid_qsys_0 [altera_avalon_sysid_qsys 15.0]
Progress: Parameterizing module sysid_qsys_0
Progress: Building connections
Progress: Parameterizing connections
Progress: Validating
Progress: Done reading input file
Info: lab9_soc.sysid_qsys_0: System ID is not assigned automatically. Edit the System ID parameter to provide a unique ID
Info: lab9_soc.sysid_qsys_0: Time stamp will be automatically updated when this component is generated.
Warning: lab9_soc.sdram_pll: sdram_pll.areset_conduit must be exported, or connected to a matching conduit.
Warning: lab9_soc.sdram_pll: sdram_pll.locked_conduit must be exported, or connected to a matching conduit.
Warning: lab9_soc.sdram_pll: sdram_pll.phasedone_conduit must be exported, or connected to a matching conduit.
Warning: lab9_soc.aes_export: aes_export.s1 must be connected to an Avalon-MM master
Info: ip-generate succeeded.
Info: Finished: Create block symbol file (.bsf)
Info: 
Info: Starting: Create HDL design files for synthesis
Info: qsys-generate "D:\ECE 385\Lab9_Avalon_Provided_2.0\lab9_soc.qsys" --synthesis=VERILOG --output-directory="D:\ECE 385\Lab9_Avalon_Provided_2.0\lab9_soc\synthesis" --family="Cyclone IV E" --part=EP4CE115F29C7
Progress: Loading Lab9_Avalon_Provided_2.0/lab9_soc.qsys
Progress: Reading input file
Progress: Adding aes_export [altera_avalon_pio 15.0]
Progress: Parameterizing module aes_export
Progress: Adding clk_0 [clock_source 15.0]
Progress: Parameterizing module clk_0
Progress: Adding nios2_qsys_0 [altera_nios2_gen2 15.0]
Progress: Parameterizing module nios2_qsys_0
Progress: Adding onchip_memory2_0 [altera_avalon_onchip_memory2 15.0]
Progress: Parameterizing module onchip_memory2_0
Progress: Adding sdram [altera_avalon_new_sdram_controller 15.0]
Progress: Parameterizing module sdram
Progress: Adding sdram_pll [altpll 15.0]
Progress: Parameterizing module sdram_pll
Progress: Adding sysid_qsys_0 [altera_avalon_sysid_qsys 15.0]
Progress: Parameterizing module sysid_qsys_0
Progress: Building connections
Progress: Parameterizing connections
Progress: Validating
Progress: Done reading input file
Info: lab9_soc.sysid_qsys_0: System ID is not assigned automatically. Edit the System ID parameter to provide a unique ID
Info: lab9_soc.sysid_qsys_0: Time stamp will be automatically updated when this component is generated.
Warning: lab9_soc.sdram_pll: sdram_pll.areset_conduit must be exported, or connected to a matching conduit.
Warning: lab9_soc.sdram_pll: sdram_pll.locked_conduit must be exported, or connected to a matching conduit.
Warning: lab9_soc.sdram_pll: sdram_pll.phasedone_conduit must be exported, or connected to a matching conduit.
Warning: lab9_soc.aes_export: aes_export.s1 must be connected to an Avalon-MM master
Info: lab9_soc: Generating lab9_soc "lab9_soc" for QUARTUS_SYNTH
Info: Inserting clock-crossing logic between cmd_demux.src4 and cmd_mux_004.sink0
Info: Inserting clock-crossing logic between cmd_demux_001.src4 and cmd_mux_004.sink1
Info: Inserting clock-crossing logic between rsp_demux_004.src0 and rsp_mux.sink4
Info: Inserting clock-crossing logic between rsp_demux_004.src1 and rsp_mux_001.sink4
Info: aes_export: Starting RTL generation for module 'lab9_soc_aes_export'
Info: aes_export:   Generation command is [exec D:/altera/15.0/quartus/bin64/perl/bin/perl.exe -I D:/altera/15.0/quartus/bin64/perl/lib -I D:/altera/15.0/quartus/sopc_builder/bin/europa -I D:/altera/15.0/quartus/sopc_builder/bin/perl_lib -I D:/altera/15.0/quartus/sopc_builder/bin -I D:/altera/15.0/quartus/../ip/altera/sopc_builder_ip/common -I D:/altera/15.0/quartus/../ip/altera/sopc_builder_ip/altera_avalon_pio -- D:/altera/15.0/quartus/../ip/altera/sopc_builder_ip/altera_avalon_pio/generate_rtl.pl --name=lab9_soc_aes_export --dir=C:/Users/Nick/AppData/Local/Temp/alt7617_8871509736230725307.dir/0022_aes_export_gen/ --quartus_dir=D:/altera/15.0/quartus --verilog --config=C:/Users/Nick/AppData/Local/Temp/alt7617_8871509736230725307.dir/0022_aes_export_gen//lab9_soc_aes_export_component_configuration.pl  --do_build_sim=0  ]
Info: aes_export: Done RTL generation for module 'lab9_soc_aes_export'
Info: aes_export: "lab9_soc" instantiated altera_avalon_pio "aes_export"
Info: nios2_qsys_0: "lab9_soc" instantiated altera_nios2_gen2 "nios2_qsys_0"
Info: onchip_memory2_0: Starting RTL generation for module 'lab9_soc_onchip_memory2_0'
Info: onchip_memory2_0:   Generation command is [exec D:/altera/15.0/quartus/bin64/perl/bin/perl.exe -I D:/altera/15.0/quartus/bin64/perl/lib -I D:/altera/15.0/quartus/sopc_builder/bin/europa -I D:/altera/15.0/quartus/sopc_builder/bin/perl_lib -I D:/altera/15.0/quartus/sopc_builder/bin -I D:/altera/15.0/quartus/../ip/altera/sopc_builder_ip/common -I D:/altera/15.0/quartus/../ip/altera/sopc_builder_ip/altera_avalon_onchip_memory2 -- D:/altera/15.0/quartus/../ip/altera/sopc_builder_ip/altera_avalon_onchip_memory2/generate_rtl.pl --name=lab9_soc_onchip_memory2_0 --dir=C:/Users/Nick/AppData/Local/Temp/alt7617_8871509736230725307.dir/0023_onchip_memory2_0_gen/ --quartus_dir=D:/altera/15.0/quartus --verilog --config=C:/Users/Nick/AppData/Local/Temp/alt7617_8871509736230725307.dir/0023_onchip_memory2_0_gen//lab9_soc_onchip_memory2_0_component_configuration.pl  --do_build_sim=0  ]
Info: onchip_memory2_0: Done RTL generation for module 'lab9_soc_onchip_memory2_0'
Info: onchip_memory2_0: "lab9_soc" instantiated altera_avalon_onchip_memory2 "onchip_memory2_0"
Info: sdram: Starting RTL generation for module 'lab9_soc_sdram'
Info: sdram:   Generation command is [exec D:/altera/15.0/quartus/bin64/perl/bin/perl.exe -I D:/altera/15.0/quartus/bin64/perl/lib -I D:/altera/15.0/quartus/sopc_builder/bin/europa -I D:/altera/15.0/quartus/sopc_builder/bin/perl_lib -I D:/altera/15.0/quartus/sopc_builder/bin -I D:/altera/15.0/quartus/../ip/altera/sopc_builder_ip/common -I D:/altera/15.0/quartus/../ip/altera/sopc_builder_ip/altera_avalon_new_sdram_controller -- D:/altera/15.0/quartus/../ip/altera/sopc_builder_ip/altera_avalon_new_sdram_controller/generate_rtl.pl --name=lab9_soc_sdram --dir=C:/Users/Nick/AppData/Local/Temp/alt7617_8871509736230725307.dir/0024_sdram_gen/ --quartus_dir=D:/altera/15.0/quartus --verilog --config=C:/Users/Nick/AppData/Local/Temp/alt7617_8871509736230725307.dir/0024_sdram_gen//lab9_soc_sdram_component_configuration.pl  --do_build_sim=0  ]
Info: sdram: Done RTL generation for module 'lab9_soc_sdram'
Info: sdram: "lab9_soc" instantiated altera_avalon_new_sdram_controller "sdram"
Info: sdram_pll: "lab9_soc" instantiated altpll "sdram_pll"
Info: sysid_qsys_0: "lab9_soc" instantiated altera_avalon_sysid_qsys "sysid_qsys_0"
Info: avalon_st_adapter: Inserting error_adapter: error_adapter_0
Info: avalon_st_adapter_001: Inserting error_adapter: error_adapter_0
Info: avalon_st_adapter_002: Inserting error_adapter: error_adapter_0
Info: avalon_st_adapter_003: Inserting error_adapter: error_adapter_0
Info: avalon_st_adapter_004: Inserting error_adapter: error_adapter_0
Info: mm_interconnect_0: "lab9_soc" instantiated altera_mm_interconnect "mm_interconnect_0"
Info: irq_mapper: "lab9_soc" instantiated altera_irq_mapper "irq_mapper"
Info: rst_controller: "lab9_soc" instantiated altera_reset_controller "rst_controller"
Info: cpu: Starting RTL generation for module 'lab9_soc_nios2_qsys_0_cpu'
Info: cpu:   Generation command is [exec D:/altera/15.0/quartus/bin64/eperlcmd.exe -I D:/altera/15.0/quartus/bin64/perl/lib -I D:/altera/15.0/quartus/sopc_builder/bin/europa -I D:/altera/15.0/quartus/sopc_builder/bin/perl_lib -I D:/altera/15.0/quartus/sopc_builder/bin -I D:/altera/15.0/quartus/../ip/altera/nios2_ip/altera_nios2_gen2/cpu_lib -I D:/altera/15.0/quartus/../ip/altera/nios2_ip/altera_nios2_gen2/nios_lib -I D:/altera/15.0/quartus/../ip/altera/nios2_ip/altera_nios2_gen2 -I D:/altera/15.0/quartus/../ip/altera/nios2_ip/altera_nios2_gen2 -- D:/altera/15.0/quartus/../ip/altera/nios2_ip/altera_nios2_gen2/generate_rtl.epl --name=lab9_soc_nios2_qsys_0_cpu --dir=C:/Users/Nick/AppData/Local/Temp/alt7617_8871509736230725307.dir/0030_cpu_gen/ --quartus_bindir=D:/altera/15.0/quartus/bin64 --verilog --config=C:/Users/Nick/AppData/Local/Temp/alt7617_8871509736230725307.dir/0030_cpu_gen//lab9_soc_nios2_qsys_0_cpu_processor_configuration.pl  --do_build_sim=0  ]
Info: cpu: # 2018.03.26 21:17:06 (*) Starting Nios II generation
Info: cpu: # 2018.03.26 21:17:06 (*)   Checking for plaintext license.
Info: cpu: # 2018.03.26 21:17:07 (*)   Couldn't query license setup in Quartus directory D:/altera/15.0/quartus/bin64
Info: cpu: # 2018.03.26 21:17:07 (*)   Defaulting to contents of LM_LICENSE_FILE environment variable
Info: cpu: # 2018.03.26 21:17:07 (*)   LM_LICENSE_FILE environment variable is empty
Info: cpu: # 2018.03.26 21:17:07 (*)   Plaintext license not found.
Info: cpu: # 2018.03.26 21:17:07 (*)   No license required to generate encrypted Nios II/e.
Info: cpu: # 2018.03.26 21:17:07 (*)   Elaborating CPU configuration settings
Info: cpu: # 2018.03.26 21:17:07 (*)   Creating all objects for CPU
Info: cpu: # 2018.03.26 21:17:08 (*)   Generating RTL from CPU objects
Info: cpu: # 2018.03.26 21:17:08 (*)   Creating plain-text RTL
Info: cpu: # 2018.03.26 21:17:09 (*) Done Nios II generation
Info: cpu: Done RTL generation for module 'lab9_soc_nios2_qsys_0_cpu'
Info: cpu: "nios2_qsys_0" instantiated altera_nios2_gen2_unit "cpu"
Info: nios2_qsys_0_data_master_translator: "mm_interconnect_0" instantiated altera_merlin_master_translator "nios2_qsys_0_data_master_translator"
Info: sysid_qsys_0_control_slave_translator: "mm_interconnect_0" instantiated altera_merlin_slave_translator "sysid_qsys_0_control_slave_translator"
Info: nios2_qsys_0_data_master_agent: "mm_interconnect_0" instantiated altera_merlin_master_agent "nios2_qsys_0_data_master_agent"
Info: sysid_qsys_0_control_slave_agent: "mm_interconnect_0" instantiated altera_merlin_slave_agent "sysid_qsys_0_control_slave_agent"
Info: sysid_qsys_0_control_slave_agent_rsp_fifo: "mm_interconnect_0" instantiated altera_avalon_sc_fifo "sysid_qsys_0_control_slave_agent_rsp_fifo"
Info: router: "mm_interconnect_0" instantiated altera_merlin_router "router"
Info: router_002: "mm_interconnect_0" instantiated altera_merlin_router "router_002"
Info: cmd_demux: "mm_interconnect_0" instantiated altera_merlin_demultiplexer "cmd_demux"
Info: cmd_mux: "mm_interconnect_0" instantiated altera_merlin_multiplexer "cmd_mux"
Info: rsp_demux: "mm_interconnect_0" instantiated altera_merlin_demultiplexer "rsp_demux"
Info: rsp_mux: "mm_interconnect_0" instantiated altera_merlin_multiplexer "rsp_mux"
Info: Reusing file D:/ECE 385/Lab9_Avalon_Provided_2.0/lab9_soc/synthesis/submodules/altera_merlin_arbitrator.sv
Info: crosser: "mm_interconnect_0" instantiated altera_avalon_st_handshake_clock_crosser "crosser"
Info: avalon_st_adapter: "mm_interconnect_0" instantiated altera_avalon_st_adapter "avalon_st_adapter"
Info: error_adapter_0: "avalon_st_adapter" instantiated error_adapter "error_adapter_0"
Info: lab9_soc: Done "lab9_soc" with 25 modules, 40 files
Info: ip-generate succeeded.
Info: Finished: Create HDL design files for synthesis
